<?xml version="1.0" encoding="UTF-8"?>
<!-- Generated by org.testng.reporters.JUnitXMLReporter -->
<testsuite ignored="0" hostname="DESKTOP-DJ4FDME" failures="0" tests="3" name="Default test" time="23.47" errors="0" timestamp="2025-10-29T05:51:53 IST">
  <testcase classname="org.wipro.auto.project_uo.testcases.SignupScenario_DDF" name="tc01_validate_signup_func_valid_infomation" time="4.433"/>
  <testcase classname="org.wipro.auto.project_uo.testcases.SignupScenario_DDF" name="tc01_validate_signup_func_valid_infomation" time="4.358"/>
  <testcase classname="org.wipro.auto.project_uo.testcases.SignupScenario_DDF" name="tc01_validate_signup_func_valid_infomation" time="4.527"/>
</testsuite> <!-- Default test -->
