<?xml version="1.0" encoding="UTF-8"?>
<!-- Generated by org.testng.reporters.JUnitXMLReporter -->
<testsuite ignored="3" hostname="DESKTOP-DJ4FDME" failures="10" tests="72" name="Test" time="17.204" errors="0" timestamp="2025-10-24T06:02:20 IST">
  <testcase classname="testNGDemo.TestScenario7" name="fifth_testcase" time="0.024">
    <failure type="java.lang.AssertionError" message="expected [true] but found [false]">
      <![CDATA[java.lang.AssertionError: expected [true] but found [false]
at testNGDemo.TestScenario7.fifth_testcase(TestScenario7.java:38)
at java.base/java.util.ArrayList.forEach(ArrayList.java:1596)
... Removed 32 stack frames]]>
    </failure>
  </testcase> <!-- fifth_testcase -->
  <testcase classname="testNGDemo.TestScenario7" name="first_testcase" time="0.003"/>
  <testcase classname="testNGDemo.TestScenario7" name="forth_testcase" time="0.005"/>
  <testcase classname="testNGDemo.TestScenario7" name="second_testcase" time="0.001">
    <failure type="java.lang.AssertionError" message="expected [true] but found [false]">
      <![CDATA[java.lang.AssertionError: expected [true] but found [false]
at testNGDemo.TestScenario7.second_testcase(TestScenario7.java:19)
at java.base/java.util.ArrayList.forEach(ArrayList.java:1596)
... Removed 32 stack frames]]>
    </failure>
  </testcase> <!-- second_testcase -->
  <testcase classname="testNGDemo.TestScenario7" name="seventh_testcase" time="0.004"/>
  <testcase classname="testNGDemo.TestScenario7" name="sixth_testcase" time="0.003"/>
  <testcase classname="testNGDemo.TestScenario7" name="third_testcase" time="0.004"/>
  <testcase classname="testNGDemo.TestScenario6" name="fifth_testcase" time="0.001"/>
  <testcase classname="testNGDemo.TestScenario6" name="first_testcase" time="0.002"/>
  <testcase classname="testNGDemo.TestScenario6" name="forth_testcase" time="0.003"/>
  <testcase classname="testNGDemo.TestScenario6" name="second_testcase" time="0.002"/>
  <testcase classname="testNGDemo.TestScenario6" name="seventh_testcase" time="0.004"/>
  <testcase classname="testNGDemo.TestScenario6" name="sixth_testcase" time="0.001"/>
  <testcase classname="testNGDemo.TestScenario6" name="third_testcase" time="0.002"/>
  <testcase classname="testNGDemo.TestScenario5" name="fifth_testcase" time="0.002"/>
  <testcase classname="testNGDemo.TestScenario5" name="first_testcase" time="0.005">
    <failure type="java.lang.AssertionError" message="expected [true] but found [false]">
      <![CDATA[java.lang.AssertionError: expected [true] but found [false]
at testNGDemo.TestScenario5.first_testcase(TestScenario5.java:13)
at java.base/java.util.ArrayList.forEach(ArrayList.java:1596)
... Removed 32 stack frames]]>
    </failure>
  </testcase> <!-- first_testcase -->
  <testcase classname="testNGDemo.TestScenario5" name="forth_testcase" time="0.001"/>
  <testcase classname="testNGDemo.TestScenario5" name="second_testcase" time="0.003"/>
  <testcase classname="testNGDemo.TestScenario5" name="seventh_testcase" time="0.001"/>
  <testcase classname="testNGDemo.TestScenario5" name="sixth_testcase" time="0.003">
    <failure type="java.lang.AssertionError" message="expected [true] but found [false]">
      <![CDATA[java.lang.AssertionError: expected [true] but found [false]
at testNGDemo.TestScenario5.sixth_testcase(TestScenario5.java:44)
at java.base/java.util.ArrayList.forEach(ArrayList.java:1596)
... Removed 32 stack frames]]>
    </failure>
  </testcase> <!-- sixth_testcase -->
  <testcase classname="testNGDemo.TestScenario5" name="third_testcase" time="0.002"/>
  <testcase classname="testNGDemo.TestScenario" name="fifth_testcase" time="0.004"/>
  <testcase classname="testNGDemo.TestScenario" name="first_testcase" time="0.009">
    <failure type="java.lang.AssertionError" message="The following asserts failed:
	expected [Hello World] but found [Hello]">
      <![CDATA[java.lang.AssertionError: The following asserts failed:
expected [Hello World] but found [Hello]
at testNGDemo.TestScenario.first_testcase(TestScenario.java:25)
at java.base/java.util.ArrayList.forEach(ArrayList.java:1596)
... Removed 27 stack frames]]>
    </failure>
  </testcase> <!-- first_testcase -->
  <testcase classname="testNGDemo.TestScenario" name="forth_testcase" time="0.002"/>
  <testcase classname="testNGDemo.TestScenario" name="second_testcase" time="0.001"/>
  <testcase classname="testNGDemo.TestScenario" name="seventh_testcase" time="0.001"/>
  <testcase classname="testNGDemo.TestScenario" name="sixth_testcase" time="0.001"/>
  <testcase classname="testNGDemo.TestScenario" name="third_testcase" time="0.001"/>
  <testcase classname="testNGDemo.TestScenario4" name="fifth_testcase" time="0.003">
    <failure type="java.lang.AssertionError" message="expected [true] but found [false]">
      <![CDATA[java.lang.AssertionError: expected [true] but found [false]
at testNGDemo.TestScenario4.fifth_testcase(TestScenario4.java:38)
at java.base/java.util.ArrayList.forEach(ArrayList.java:1596)
... Removed 32 stack frames]]>
    </failure>
  </testcase> <!-- fifth_testcase -->
  <testcase classname="testNGDemo.TestScenario4" name="first_testcase" time="0.002"/>
  <testcase classname="testNGDemo.TestScenario4" name="forth_testcase" time="0.003"/>
  <testcase classname="testNGDemo.TestScenario4" name="second_testcase" time="0.004">
    <failure type="java.lang.AssertionError" message="expected [true] but found [false]">
      <![CDATA[java.lang.AssertionError: expected [true] but found [false]
at testNGDemo.TestScenario4.second_testcase(TestScenario4.java:19)
at java.base/java.util.ArrayList.forEach(ArrayList.java:1596)
... Removed 32 stack frames]]>
    </failure>
  </testcase> <!-- second_testcase -->
  <testcase classname="testNGDemo.TestScenario4" name="seventh_testcase" time="0.001"/>
  <testcase classname="testNGDemo.TestScenario4" name="sixth_testcase" time="0.002"/>
  <testcase classname="testNGDemo.TestScenario4" name="third_testcase" time="0.001"/>
  <testcase classname="testNGDemo.TestScenario3" name="fifth_testcase" time="0.003"/>
  <testcase classname="testNGDemo.TestScenario3" name="first_testcase" time="0.001"/>
  <testcase classname="testNGDemo.TestScenario3" name="second_testcase" time="0.002"/>
  <testcase classname="testNGDemo.TestScenario3" name="seventh_testcase" time="0.001"/>
  <testcase classname="testNGDemo.TestScenario3" name="sixth_testcase" time="0.002"/>
  <testcase classname="testNGDemo.TestScenario3" name="third_testcase" time="0.002">
    <failure type="java.lang.AssertionError" message="expected [true] but found [false]">
      <![CDATA[java.lang.AssertionError: expected [true] but found [false]
at testNGDemo.TestScenario3.third_testcase(TestScenario3.java:26)
at java.base/java.util.ArrayList.forEach(ArrayList.java:1596)
... Removed 32 stack frames]]>
    </failure>
  </testcase> <!-- third_testcase -->
  <testcase classname="testNGDemo.TestScenario3" name="forth_testcase" time="0.0">
    <skipped/>
  </testcase> <!-- forth_testcase -->
  <testcase classname="testNGDemo.TestScenario2" name="sixth_testcase" time="0.001"/>
  <testcase classname="testNGDemo.TestScenario2" name="fifth_testcase" time="0.001"/>
  <testcase classname="testNGDemo.TestScenario2" name="forth_testcase" time="0.002"/>
  <testcase classname="testNGDemo.TestScenario2" name="third_testcase" time="0.0"/>
  <testcase classname="testNGDemo.TestScenario2" name="first_testcase" time="0.001"/>
  <testcase classname="testNGDemo.TestScenario2" name="second_testcase" time="0.002"/>
  <testcase classname="testNGDemo.TestScenario2" name="seventh_testcase" time="0.004"/>
  <testcase classname="org.xyz.auto.saucedemo.KeyboardMouseWindows" name="handleAlerts" time="9.364"/>
  <testcase classname="org.xyz.auto.saucedemo.KeyboardMouseWindows" name="handleFrames" time="7.103"/>
  <testcase classname="testNGDemo.TestScenario10" name="fifth_testcase" time="0.002"/>
  <testcase classname="testNGDemo.TestScenario10" name="first_testcase" time="0.004"/>
  <testcase classname="testNGDemo.TestScenario10" name="forth_testcase" time="0.002"/>
  <testcase classname="testNGDemo.TestScenario10" name="second_testcase" time="0.005"/>
  <testcase classname="testNGDemo.TestScenario10" name="seventh_testcase" time="0.005"/>
  <testcase classname="testNGDemo.TestScenario10" name="sixth_testcase" time="0.009"/>
  <testcase classname="testNGDemo.TestScenario10" name="third_testcase" time="0.003"/>
  <testcase classname="testNGDemo.TestScenario9" name="fifth_testcase" time="0.005"/>
  <testcase classname="testNGDemo.TestScenario9" name="first_testcase" time="0.001"/>
  <testcase classname="testNGDemo.TestScenario9" name="forth_testcase" time="0.022">
    <failure type="java.lang.AssertionError" message="expected [true] but found [false]">
      <![CDATA[java.lang.AssertionError: expected [true] but found [false]
at testNGDemo.TestScenario9.forth_testcase(TestScenario9.java:31)
at java.base/java.util.ArrayList.forEach(ArrayList.java:1596)
... Removed 32 stack frames]]>
    </failure>
  </testcase> <!-- forth_testcase -->
  <testcase classname="testNGDemo.TestScenario9" name="second_testcase" time="0.001"/>
  <testcase classname="testNGDemo.TestScenario9" name="seventh_testcase" time="0.004">
    <failure type="java.lang.AssertionError" message="expected [true] but found [false]">
      <![CDATA[java.lang.AssertionError: expected [true] but found [false]
at testNGDemo.TestScenario9.seventh_testcase(TestScenario9.java:50)
at java.base/java.util.ArrayList.forEach(ArrayList.java:1596)
... Removed 32 stack frames]]>
    </failure>
  </testcase> <!-- seventh_testcase -->
  <testcase classname="testNGDemo.TestScenario9" name="sixth_testcase" time="0.003"/>
  <testcase classname="testNGDemo.TestScenario9" name="third_testcase" time="0.004"/>
  <testcase classname="testNGDemo.TestScenario8" name="fifth_testcase" time="0.004"/>
  <testcase classname="testNGDemo.TestScenario8" name="first_testcase" time="0.017"/>
  <testcase classname="testNGDemo.TestScenario8" name="forth_testcase" time="0.004"/>
  <testcase classname="testNGDemo.TestScenario8" name="second_testcase" time="0.008"/>
  <testcase classname="testNGDemo.TestScenario8" name="seventh_testcase" time="0.002"/>
  <testcase classname="testNGDemo.TestScenario8" name="sixth_testcase" time="0.01"/>
  <testcase classname="testNGDemo.TestScenario8" name="third_testcase" time="0.003"/>
  <testcase classname="org.xyz.auto.saucedemo.KeyboardMouseWindows" name="handleMouse" time="0.0">
    <ignored/>
  </testcase> <!-- handleMouse -->
  <testcase classname="org.xyz.auto.saucedemo.KeyboardMouseWindows" name="dragdrop" time="0.0">
    <ignored/>
  </testcase> <!-- dragdrop -->
  <testcase classname="org.xyz.auto.saucedemo.KeyboardMouseWindows" name="handleKeyboards" time="0.0">
    <ignored/>
  </testcase> <!-- handleKeyboards -->
</testsuite> <!-- Test -->
